Here we see without the log transform.
Here we see WITH the log transform.
Running suite(s): Inference

************************************
Output from Test_BNet_CollectDistribute_WithDObs0
************************************

************************************
NumTables : 4 NumVertices:4 NumEdges:4 NumVbls :4
************************************

************************************
Clique Potentials : 2
************************************

D A B  0.031250 0.093750 0.031250 0.093750 0.000000 0.000000 0.000000 0.000000 

A B C  0.500000 0.500000 0.750000 0.250000 0.500000 0.500000 0.750000 0.250000 

************************************
Seperator Potentials 1
 ************************************

 A B C  D A B  1.000000 1.000000 1.000000 1.000000  

************************************
After Evidence Collection
************************************

************************************
NumTables : 4 NumVertices:4 NumEdges:4 NumVbls :4
************************************

************************************
Clique Potentials : 2
************************************

D A B  0.031250 0.093750 0.031250 0.093750 0.000000 0.000000 0.000000 0.000000 

A B C  0.500000 0.500000 0.750000 0.250000 0.500000 0.500000 0.750000 0.250000 

************************************
Seperator Potentials 1
 ************************************

 A B  1.000000 1.000000 1.000000 1.000000  

************************************
After Evidence Distribution
************************************

************************************
NumTables : 4 NumVertices:4 NumEdges:4 NumVbls :4
************************************

************************************
Clique Potentials : 2
************************************

D A B  0.031250 0.093750 0.031250 0.093750 0.000000 0.000000 0.000000 0.000000 

A B C  0.015625 0.015625 0.070312 0.023438 0.015625 0.015625 0.070312 0.023438 

************************************
Seperator Potentials 1
 ************************************

 A B  0.031250 0.093750 0.031250 0.093750  

************************************
Output from Test_BNet_CollectDistribute_WithDObs0
************************************

************************************
NumTables : 4 NumVertices:4 NumEdges:4 NumVbls :4
************************************

************************************
Clique Potentials : 2
************************************

D A B  0.031250 0.093750 0.031250 0.093750 1.000000 1.000000 1.000000 1.000000 

A B C  0.500000 0.500000 0.750000 0.250000 0.500000 0.500000 0.750000 0.250000 

************************************
Seperator Potentials 1
 ************************************

 A B C  D A B  1.000000 1.000000 1.000000 1.000000  

************************************
After Evidence Collection
************************************

************************************
NumTables : 4 NumVertices:4 NumEdges:4 NumVbls :4
************************************

************************************
Clique Potentials : 2
************************************

D A B  0.031250 0.093750 0.031250 0.093750 1.000000 1.000000 1.000000 1.000000 

A B C  0.500000 0.500000 0.750000 0.250000 0.500000 0.500000 0.750000 0.250000 

************************************
Seperator Potentials 1
 ************************************

 A B  1.000000 1.000000 1.000000 1.000000  

************************************
After Evidence Distribution
************************************

************************************
NumTables : 4 NumVertices:4 NumEdges:4 NumVbls :4
************************************

************************************
Clique Potentials : 2
************************************

D A B  0.031250 0.093750 0.031250 0.093750 1.000000 1.000000 1.000000 1.000000 

A B C  0.500000 0.500000 0.750000 0.250000 0.500000 0.500000 0.750000 0.250000 

************************************
Seperator Potentials 1
 ************************************

 A B  1.031250 1.093750 1.031250 1.093750  
100%: Checks: 2, Failures: 0, Errors: 0
Test_JB_Inference.c:107:P:InfCore:Test_BNet_CollectDistribute_WithDObs0:0: Passed
Test_JB_Inference.c:138:P:InfCore:Test_BNet_CollectDistribute_WithDObs0Log:0: Passed
