#
# An unexpected error has been detected by Java Runtime Environment:
#
#  SIGSEGV (0xb) at pc=0x0071bc13, pid=32617, tid=3086588816
#
# Java VM: Java HotSpot(TM) Server VM (1.6.0_01-b06 mixed mode)
# Problematic frame:
# C  [libc.so.6+0x6dc13]  strcat+0x53
#
# If you would like to submit a bug report, please visit:
#   http://java.sun.com/webapps/bugreport/crash.jsp
#

---------------  T H R E A D  ---------------

Current thread (0x09d9a000):  JavaThread "main" [_thread_in_native, id=32618]

siginfo:si_signo=11, si_errno=0, si_code=1, si_addr=0x30303030

Registers:
EAX=0x30303030, EBX=0x80f189b0, ECX=0xb7f98ee8, EDX=0x30303030
ESP=0xb7f98eb8, EBP=0xb7f98f18, ESI=0x000000ac, EDI=0x80bdfa29
EIP=0x0071bc13, CR2=0x30303030, EFLAGS=0x00010246

Top of Stack: (sp=0xb7f98eb8)
0xb7f98eb8:   80bdfa29 80f16ee1 30303030 b7f98ee8
0xb7f98ec8:   a03d5bec 46f33dec 007fdff4 007fe4c0
0xb7f98ed8:   00000024 80bdfa20 00712aa3 007fe4c0
0xb7f98ee8:   34343236 39303533 30303132 33373337
0xb7f98ef8:   39303536 33363832 39353337 33313631
0xb7f98f08:   302e3434 30303030 80002030 00000064
0xb7f98f18:   b7f98f58 80f16fcd 804453a8 00000050
0xb7f98f28:   00000064 000000ac 00000064 00000000 

Instructions: (pc=0x0071bc13)
0x0071bc03:   82 00 00 00 42 eb 09 8d b6 00 00 00 00 83 c2 10
0x0071bc13:   8b 02 bf ff fe fe fe 01 c7 73 59 31 c7 81 cf ff 

Stack: [0xb7f49000,0xb7f9a000),  sp=0xb7f98eb8,  free space=319k
Native frames: (J=compiled Java code, j=interpreted, Vv=VM code, C=native code)
C  [libc.so.6+0x6dc13]  strcat+0x53
C  [libjunctionbox.so.1.0.1+0xcfcd]  Print_BNet+0xd3
C  [libjunctionbox.so.1.0.1+0x5b1a]  Java_edu_umb_junctionbox_junctionboxJNI_Print_1BNet+0x38
j  edu.umb.junctionbox.junctionboxJNI.Print_BNet(J)V+0
j  edu.umb.junctionbox.junctionbox.Print_BNet(Ledu/umb/junctionbox/SWIGTYPE_p_BNet;)V+4
j  edu.umb.junctionbox.XBIFParser.main([Ljava/lang/String;)V+1575
v  ~StubRoutines::call_stub
V  [libjvm.so+0x2b55ed]
V  [libjvm.so+0x43dd98]
V  [libjvm.so+0x2b5480]
V  [libjvm.so+0x2de8a6]
V  [libjvm.so+0x2cff4b]
C  [java+0x1b98]  JavaMain+0x2c8
C  [libpthread.so.0+0x544b]

Java frames: (J=compiled Java code, j=interpreted, Vv=VM code)
j  edu.umb.junctionbox.junctionboxJNI.Print_BNet(J)V+0
j  edu.umb.junctionbox.junctionbox.Print_BNet(Ledu/umb/junctionbox/SWIGTYPE_p_BNet;)V+4
j  edu.umb.junctionbox.XBIFParser.main([Ljava/lang/String;)V+1575
v  ~StubRoutines::call_stub

---------------  P R O C E S S  ---------------

Java Threads: ( => current thread )
  0x80b37c00 JavaThread "Low Memory Detector" daemon [_thread_blocked, id=32633]
  0x80b36000 JavaThread "CompilerThread1" daemon [_thread_blocked, id=32632]
  0x80b34c00 JavaThread "CompilerThread0" daemon [_thread_blocked, id=32631]
  0x80b33800 JavaThread "Signal Dispatcher" daemon [_thread_blocked, id=32630]
  0x80b23c00 JavaThread "Finalizer" daemon [_thread_blocked, id=32629]
  0x80b23000 JavaThread "Reference Handler" daemon [_thread_blocked, id=32628]
=>0x09d9a000 JavaThread "main" [_thread_in_native, id=32618]

Other Threads:
  0x80b20800 VMThread [id=32627]
  0x80b39800 WatcherThread [id=32634]

VM state:not at safepoint (normal execution)

VM Mutex/Monitor currently owned by a thread: None

Heap
 PSYoungGen      total 4736K, used 535K [0xaf9c0000, 0xb0300000, 0xb4e30000)
  eden space 4096K, 3% used [0xaf9c0000,0xaf9e7d20,0xafdc0000)
  from space 640K, 58% used [0xafdc0000,0xafe1e050,0xafe60000)
  to   space 640K, 0% used [0xb0260000,0xb0260000,0xb0300000)
 PSOldGen        total 43200K, used 0K [0x85630000, 0x88060000, 0xaf9c0000)
  object space 43200K, 0% used [0x85630000,0x85630000,0x88060000)
 PSPermGen       total 16384K, used 2845K [0x81630000, 0x82630000, 0x85630000)
  object space 16384K, 17% used [0x81630000,0x818f7600,0x82630000)

Dynamic libraries:
005f1000-00606000 r-xp 00000000 fd:00 14114504   /lib/libnsl-2.6.so
00606000-00607000 r-xp 00014000 fd:00 14114504   /lib/libnsl-2.6.so
00607000-00608000 rwxp 00015000 fd:00 14114504   /lib/libnsl-2.6.so
00608000-0060a000 rwxp 00608000 00:00 0 
0068f000-006aa000 r-xp 00000000 fd:00 14109255   /lib/ld-2.6.so
006aa000-006ab000 r-xp 0001a000 fd:00 14109255   /lib/ld-2.6.so
006ab000-006ac000 rwxp 0001b000 fd:00 14109255   /lib/ld-2.6.so
006ae000-007fc000 r-xp 00000000 fd:00 14109257   /lib/libc-2.6.so
007fc000-007fe000 r-xp 0014e000 fd:00 14109257   /lib/libc-2.6.so
007fe000-007ff000 rwxp 00150000 fd:00 14109257   /lib/libc-2.6.so
007ff000-00802000 rwxp 007ff000 00:00 0 
00804000-0082b000 r-xp 00000000 fd:00 14109399   /lib/libm-2.6.so
0082b000-0082c000 r-xp 00026000 fd:00 14109399   /lib/libm-2.6.so
0082c000-0082d000 rwxp 00027000 fd:00 14109399   /lib/libm-2.6.so
0082f000-00832000 r-xp 00000000 fd:00 14109384   /lib/libdl-2.6.so
00832000-00833000 r-xp 00002000 fd:00 14109384   /lib/libdl-2.6.so
00833000-00834000 rwxp 00003000 fd:00 14109384   /lib/libdl-2.6.so
0084b000-0085f000 r-xp 00000000 fd:00 14109424   /lib/libpthread-2.6.so
0085f000-00860000 r-xp 00013000 fd:00 14109424   /lib/libpthread-2.6.so
00860000-00861000 rwxp 00014000 fd:00 14109424   /lib/libpthread-2.6.so
00861000-00863000 rwxp 00861000 00:00 0 
00d79000-00d80000 r-xp 00000000 fd:00 14109432   /lib/librt-2.6.so
00d80000-00d81000 r-xp 00006000 fd:00 14109432   /lib/librt-2.6.so
00d81000-00d82000 rwxp 00007000 fd:00 14109432   /lib/librt-2.6.so
06000000-0657e000 r-xp 00000000 fd:00 7594809    /usr/java/jdk1.6.0_01/jre/lib/i386/server/libjvm.so
0657e000-065b5000 rwxp 0057e000 fd:00 7594809    /usr/java/jdk1.6.0_01/jre/lib/i386/server/libjvm.so
065b5000-069d5000 rwxp 065b5000 00:00 0 
08048000-08052000 r-xp 00000000 fd:00 6355565    /usr/java/jdk1.6.0_01/bin/java
08052000-08053000 rwxp 00009000 fd:00 6355565    /usr/java/jdk1.6.0_01/bin/java
09d95000-0a09f000 rwxp 09d95000 00:00 0 
80200000-80221000 rwxp 80200000 00:00 0 
80221000-80300000 --xp 80221000 00:00 0 
80400000-80500000 rwxp 80400000 00:00 0 
805f3000-80609000 r-xs 0010e000 fd:00 3863765    /home/vegas/Documents/Academic/Masters_Thesis/code/JunctionBox_noGraphviz/src/java/lib/xerces-j2.jar
80609000-8060a000 --xp 80609000 00:00 0 
8060a000-8068a000 rwxp 8060a000 00:00 0 
8068a000-8068d000 --xp 8068a000 00:00 0 
8068d000-806db000 rwxp 8068d000 00:00 0 
806db000-806de000 --xp 806db000 00:00 0 
806de000-8075c000 rwxp 806de000 00:00 0 
8075c000-8075f000 --xp 8075c000 00:00 0 
8075f000-807dd000 rwxp 8075f000 00:00 0 
807dd000-807e0000 --xp 807dd000 00:00 0 
807e0000-8082e000 rwxp 807e0000 00:00 0 
8082e000-80a2e000 r-xp 00000000 fd:00 5896017    /usr/lib/locale/locale-archive
80a2e000-80a31000 --xp 80a2e000 00:00 0 
80a31000-80a7f000 rwxp 80a31000 00:00 0 
80a7f000-80a80000 --xp 80a7f000 00:00 0 
80a80000-80c00000 rwxp 80a80000 00:00 0 
80c04000-80c07000 --xp 80c04000 00:00 0 
80c07000-80c85000 rwxp 80c07000 00:00 0 
80c85000-80e00000 r-xs 02c75000 fd:00 7534799    /usr/java/jdk1.6.0_01/jre/lib/rt.jar
80e00000-80ef9000 rwxp 80e00000 00:00 0 
80ef9000-80f00000 --xp 80ef9000 00:00 0 
80f0a000-80f18000 r-xp 00000000 fd:00 13357764   /home/vegas/Documents/Academic/Masters_Thesis/code/JunctionBox_noGraphviz/src/java/libjunctionbox.so.1.0.1
80f18000-80f19000 rwxp 0000d000 fd:00 13357764   /home/vegas/Documents/Academic/Masters_Thesis/code/JunctionBox_noGraphviz/src/java/libjunctionbox.so.1.0.1
80f19000-80f1a000 --xp 80f19000 00:00 0 
80f1a000-80f9a000 rwxp 80f1a000 00:00 0 
80f9a000-80f9b000 --xp 80f9a000 00:00 0 
80f9b000-8101b000 rwxp 80f9b000 00:00 0 
8101b000-8101c000 --xp 8101b000 00:00 0 
8101c000-8109c000 rwxp 8101c000 00:00 0 
8109c000-8109d000 --xp 8109c000 00:00 0 
8109d000-8111d000 rwxp 8109d000 00:00 0 
8111d000-8111e000 --xp 8111d000 00:00 0 
8111e000-8119e000 rwxp 8111e000 00:00 0 
8119e000-8119f000 --xp 8119e000 00:00 0 
8119f000-8121f000 rwxp 8119f000 00:00 0 
8121f000-81220000 --xp 8121f000 00:00 0 
81220000-812a0000 rwxp 81220000 00:00 0 
812a0000-812a1000 --xp 812a0000 00:00 0 
812a1000-81329000 rwxp 812a1000 00:00 0 
81329000-81341000 rwxp 81329000 00:00 0 
81341000-81357000 rwxp 81341000 00:00 0 
81357000-81493000 rwxp 81357000 00:00 0 
81493000-8149b000 rwxp 81493000 00:00 0 
8149b000-814b3000 rwxp 8149b000 00:00 0 
814b3000-814c9000 rwxp 814b3000 00:00 0 
814c9000-81604000 rwxp 814c9000 00:00 0 
81604000-8160a000 rwxp 81604000 00:00 0 
8160a000-8162f000 rwxp 8160a000 00:00 0 
8162f000-82630000 rwxp 8162f000 00:00 0 
82630000-85630000 rwxp 82630000 00:00 0 
85630000-88060000 rwxp 85630000 00:00 0 
88060000-af9c0000 rwxp 88060000 00:00 0 
af9c0000-b0300000 rwxp af9c0000 00:00 0 
b0300000-b4e30000 rwxp b0300000 00:00 0 
b4e3d000-b4e3f000 r-xs 00005000 fd:00 13357756   /home/vegas/Documents/Academic/Masters_Thesis/code/JunctionBox_noGraphviz/src/java/XBIFParser.jar
b4e3f000-b4e48000 rwxp b4e3f000 00:00 0 
b4e48000-b4eff000 rwxp b4e48000 00:00 0 
b4eff000-b513f000 rwxp b4eff000 00:00 0 
b513f000-b7eff000 rwxp b513f000 00:00 0 
b7eff000-b7f0e000 r-xp 00000000 fd:00 7594801    /usr/java/jdk1.6.0_01/jre/lib/i386/libzip.so
b7f0e000-b7f10000 rwxp 0000e000 fd:00 7594801    /usr/java/jdk1.6.0_01/jre/lib/i386/libzip.so
b7f10000-b7f33000 r-xp 00000000 fd:00 7594778    /usr/java/jdk1.6.0_01/jre/lib/i386/libjava.so
b7f33000-b7f35000 rwxp 00023000 fd:00 7594778    /usr/java/jdk1.6.0_01/jre/lib/i386/libjava.so
b7f35000-b7f40000 r-xp 00000000 fd:00 7594800    /usr/java/jdk1.6.0_01/jre/lib/i386/libverify.so
b7f40000-b7f41000 rwxp 0000b000 fd:00 7594800    /usr/java/jdk1.6.0_01/jre/lib/i386/libverify.so
b7f41000-b7f49000 rwxs 00000000 fd:00 14600867   /tmp/hsperfdata_vegas/32617
b7f49000-b7f4c000 --xp b7f49000 00:00 0 
b7f4c000-b7f9c000 rwxp b7f4c000 00:00 0 
b7f9c000-b7fa3000 r-xp 00000000 fd:00 7594761    /usr/java/jdk1.6.0_01/jre/lib/i386/jli/libjli.so
b7fa3000-b7fa5000 rwxp 00006000 fd:00 7594761    /usr/java/jdk1.6.0_01/jre/lib/i386/jli/libjli.so
b7fa5000-b7fa6000 rwxp b7fa5000 00:00 0 
b7fa6000-b7fa8000 r-xs 00003000 fd:00 13357755   /home/vegas/Documents/Academic/Masters_Thesis/code/JunctionBox_noGraphviz/src/java/junctionbox.jar
b7fa8000-b7fb2000 r-xp 00000000 fd:00 14109256   /lib/libnss_files-2.6.so
b7fb2000-b7fb3000 r-xp 00009000 fd:00 14109256   /lib/libnss_files-2.6.so
b7fb3000-b7fb4000 rwxp 0000a000 fd:00 14109256   /lib/libnss_files-2.6.so
b7fb4000-b7fba000 r-xp 00000000 fd:00 7594805    /usr/java/jdk1.6.0_01/jre/lib/i386/native_threads/libhpi.so
b7fba000-b7fbb000 rwxp 00006000 fd:00 7594805    /usr/java/jdk1.6.0_01/jre/lib/i386/native_threads/libhpi.so
b7fbb000-b7fbc000 rwxp b7fbb000 00:00 0 
b7fbc000-b7fbd000 r-xp b7fbc000 00:00 0 
b7fbd000-b7fbe000 rwxp b7fbd000 00:00 0 
b7fbe000-b7fbf000 r-xp b7fbe000 00:00 0          [vdso]
bfbab000-bfbc0000 rwxp bffea000 00:00 0          [stack]

VM Arguments:
jvm_args: -Djava.library.path=.
java_command: edu.umb.junctionbox.XBIFParser -m ../../res/UAI/xbif/pe/BN_0.xbif
Launcher Type: SUN_STANDARD

Environment Variables:
JAVA_HOME=/usr/java/jdk1.6.0_01
PATH=/usr/lib/qt-3.3/bin:/usr/kerberos/bin:/usr/lib/ccache:/usr/java/jdk1.6.0_01/bin:/usr/local/bin:/usr/bin:/bin:/home/vegas/bin:/home/vegas/lib/android_sdk_linux_m3-rc22a/tools:/home/vegas/lib/scripts
LD_LIBRARY_PATH=/usr/java/jdk1.6.0_01/jre/lib/i386/server:/usr/java/jdk1.6.0_01/jre/lib/i386:/usr/java/jdk1.6.0_01/jre/../lib/i386
SHELL=/bin/zsh
DISPLAY=:0.0

Signal Handlers:
SIGSEGV: [libjvm.so+0x51d3a0], sa_mask[0]=0x7ffbfeff, sa_flags=0x10000004
SIGBUS: [libjvm.so+0x51d3a0], sa_mask[0]=0x7ffbfeff, sa_flags=0x10000004
SIGFPE: [libjvm.so+0x43d430], sa_mask[0]=0x7ffbfeff, sa_flags=0x10000004
SIGPIPE: [libjvm.so+0x43d430], sa_mask[0]=0x7ffbfeff, sa_flags=0x10000004
SIGILL: [libjvm.so+0x43d430], sa_mask[0]=0x7ffbfeff, sa_flags=0x10000004
SIGUSR1: SIG_DFL, sa_mask[0]=0x00000000, sa_flags=0x00000000
SIGUSR2: [libjvm.so+0x43f440], sa_mask[0]=0x00000000, sa_flags=0x10000004
SIGHUP: [libjvm.so+0x43ee60], sa_mask[0]=0x7ffbfeff, sa_flags=0x10000004
SIGINT: [libjvm.so+0x43ee60], sa_mask[0]=0x7ffbfeff, sa_flags=0x10000004
SIGQUIT: [libjvm.so+0x43ee60], sa_mask[0]=0x7ffbfeff, sa_flags=0x10000004
SIGTERM: [libjvm.so+0x43ee60], sa_mask[0]=0x7ffbfeff, sa_flags=0x10000004
SIGUSR2: [libjvm.so+0x43f440], sa_mask[0]=0x00000000, sa_flags=0x10000004


---------------  S Y S T E M  ---------------

OS:Fedora release 7 (Moonshine)

uname:Linux 2.6.23.15-80.fc7 #1 SMP Sun Feb 10 17:29:10 EST 2008 i686
libc:glibc 2.6 NPTL 2.6 
rlimit: STACK 10240k, CORE 0k, NPROC 65536, NOFILE 1024, AS infinity
load average:0.15 0.07 0.07

CPU:total 8 family 15, cmov, cx8, fxsr, mmx, sse, sse2, ht

Memory: 4k page, physical 3105784k(261048k free), swap 11350000k(11349928k free)

vm_info: Java HotSpot(TM) Server VM (1.6.0_01-b06) for linux-x86, built on Mar 14 2007 00:47:53 by "java_re" with gcc 3.2.1-7a (J2SE release)

