#
# An unexpected error has been detected by Java Runtime Environment:
#
#  SIGSEGV (0xb) at pc=0x0071bc13, pid=31514, tid=3086781328
#
# Java VM: Java HotSpot(TM) Server VM (1.6.0_01-b06 mixed mode)
# Problematic frame:
# C  [libc.so.6+0x6dc13]  strcat+0x53
#
# If you would like to submit a bug report, please visit:
#   http://java.sun.com/webapps/bugreport/crash.jsp
#

---------------  T H R E A D  ---------------

Current thread (0x0996b000):  JavaThread "main" [_thread_in_native, id=31515]

siginfo:si_signo=11, si_errno=0, si_code=1, si_addr=0x30303030

Registers:
EAX=0x30303030, EBX=0x80f189b0, ECX=0xb7fc7ee8, EDX=0x30303030
ESP=0xb7fc7eb8, EBP=0xb7fc7f18, ESI=0x000000ac, EDI=0x80bcfe79
EIP=0x0071bc13, CR2=0x30303030, EFLAGS=0x00010246

Top of Stack: (sp=0xb7fc7eb8)
0xb7fc7eb8:   80bcfe79 80f16ee1 30303030 b7fc7ee8
0xb7fc7ec8:   a03d5bec 46f33dec 007fdff4 007fe4c0
0xb7fc7ed8:   00000024 80bcfe70 00712aa3 007fe4c0
0xb7fc7ee8:   34343236 39303533 30303132 33373337
0xb7fc7ef8:   39303536 33363832 39353337 33313631
0xb7fc7f08:   302e3434 30303030 80002030 00000064
0xb7fc7f18:   b7fc7f58 80f16fcd 805357f0 00000050
0xb7fc7f28:   00000064 000000ac 00000064 00000000 

Instructions: (pc=0x0071bc13)
0x0071bc03:   82 00 00 00 42 eb 09 8d b6 00 00 00 00 83 c2 10
0x0071bc13:   8b 02 bf ff fe fe fe 01 c7 73 59 31 c7 81 cf ff 

Stack: [0xb7f78000,0xb7fc9000),  sp=0xb7fc7eb8,  free space=319k
Native frames: (J=compiled Java code, j=interpreted, Vv=VM code, C=native code)
C  [libc.so.6+0x6dc13]  strcat+0x53
C  [libjunctionbox.so.1.0.1+0xcfcd]  Print_BNet+0xd3
C  [libjunctionbox.so.1.0.1+0x5b1a]  Java_edu_umb_junctionbox_junctionboxJNI_Print_1BNet+0x38
j  edu.umb.junctionbox.junctionboxJNI.Print_BNet(J)V+0
j  edu.umb.junctionbox.junctionbox.Print_BNet(Ledu/umb/junctionbox/SWIGTYPE_p_BNet;)V+4
j  edu.umb.junctionbox.XBIFParser.main([Ljava/lang/String;)V+1575
v  ~StubRoutines::call_stub
V  [libjvm.so+0x2b55ed]
V  [libjvm.so+0x43dd98]
V  [libjvm.so+0x2b5480]
V  [libjvm.so+0x2de8a6]
V  [libjvm.so+0x2cff4b]
C  [java+0x1b98]  JavaMain+0x2c8
C  [libpthread.so.0+0x544b]

Java frames: (J=compiled Java code, j=interpreted, Vv=VM code)
j  edu.umb.junctionbox.junctionboxJNI.Print_BNet(J)V+0
j  edu.umb.junctionbox.junctionbox.Print_BNet(Ledu/umb/junctionbox/SWIGTYPE_p_BNet;)V+4
j  edu.umb.junctionbox.XBIFParser.main([Ljava/lang/String;)V+1575
v  ~StubRoutines::call_stub

---------------  P R O C E S S  ---------------

Java Threads: ( => current thread )
  0x80b38000 JavaThread "Low Memory Detector" daemon [_thread_blocked, id=31530]
  0x80b36000 JavaThread "CompilerThread1" daemon [_thread_blocked, id=31529]
  0x80b34c00 JavaThread "CompilerThread0" daemon [_thread_blocked, id=31528]
  0x80b33c00 JavaThread "Signal Dispatcher" daemon [_thread_blocked, id=31527]
  0x80b23c00 JavaThread "Finalizer" daemon [_thread_blocked, id=31526]
  0x80b23400 JavaThread "Reference Handler" daemon [_thread_blocked, id=31525]
=>0x0996b000 JavaThread "main" [_thread_in_native, id=31515]

Other Threads:
  0x80b20800 VMThread [id=31524]
  0x80b39800 WatcherThread [id=31531]

VM state:not at safepoint (normal execution)

VM Mutex/Monitor currently owned by a thread: None

Heap
 PSYoungGen      total 4736K, used 567K [0xaf9f0000, 0xaff30000, 0xb4e60000)
  eden space 4096K, 3% used [0xaf9f0000,0xafa17d20,0xafdf0000)
  from space 640K, 63% used [0xafdf0000,0xafe56050,0xafe90000)
  to   space 640K, 0% used [0xafe90000,0xafe90000,0xaff30000)
 PSOldGen        total 43200K, used 0K [0x85660000, 0x88090000, 0xaf9f0000)
  object space 43200K, 0% used [0x85660000,0x85660000,0x88090000)
 PSPermGen       total 16384K, used 2845K [0x81660000, 0x82660000, 0x85660000)
  object space 16384K, 17% used [0x81660000,0x81927600,0x82660000)

Dynamic libraries:
005f1000-00606000 r-xp 00000000 fd:00 14114504   /lib/libnsl-2.6.so
00606000-00607000 r-xp 00014000 fd:00 14114504   /lib/libnsl-2.6.so
00607000-00608000 rwxp 00015000 fd:00 14114504   /lib/libnsl-2.6.so
00608000-0060a000 rwxp 00608000 00:00 0 
0068f000-006aa000 r-xp 00000000 fd:00 14109255   /lib/ld-2.6.so
006aa000-006ab000 r-xp 0001a000 fd:00 14109255   /lib/ld-2.6.so
006ab000-006ac000 rwxp 0001b000 fd:00 14109255   /lib/ld-2.6.so
006ae000-007fc000 r-xp 00000000 fd:00 14109257   /lib/libc-2.6.so
007fc000-007fe000 r-xp 0014e000 fd:00 14109257   /lib/libc-2.6.so
007fe000-007ff000 rwxp 00150000 fd:00 14109257   /lib/libc-2.6.so
007ff000-00802000 rwxp 007ff000 00:00 0 
00804000-0082b000 r-xp 00000000 fd:00 14109399   /lib/libm-2.6.so
0082b000-0082c000 r-xp 00026000 fd:00 14109399   /lib/libm-2.6.so
0082c000-0082d000 rwxp 00027000 fd:00 14109399   /lib/libm-2.6.so
0082f000-00832000 r-xp 00000000 fd:00 14109384   /lib/libdl-2.6.so
00832000-00833000 r-xp 00002000 fd:00 14109384   /lib/libdl-2.6.so
00833000-00834000 rwxp 00003000 fd:00 14109384   /lib/libdl-2.6.so
0084b000-0085f000 r-xp 00000000 fd:00 14109424   /lib/libpthread-2.6.so
0085f000-00860000 r-xp 00013000 fd:00 14109424   /lib/libpthread-2.6.so
00860000-00861000 rwxp 00014000 fd:00 14109424   /lib/libpthread-2.6.so
00861000-00863000 rwxp 00861000 00:00 0 
00d79000-00d80000 r-xp 00000000 fd:00 14109432   /lib/librt-2.6.so
00d80000-00d81000 r-xp 00006000 fd:00 14109432   /lib/librt-2.6.so
00d81000-00d82000 rwxp 00007000 fd:00 14109432   /lib/librt-2.6.so
06000000-0657e000 r-xp 00000000 fd:00 7594809    /usr/java/jdk1.6.0_01/jre/lib/i386/server/libjvm.so
0657e000-065b5000 rwxp 0057e000 fd:00 7594809    /usr/java/jdk1.6.0_01/jre/lib/i386/server/libjvm.so
065b5000-069d5000 rwxp 065b5000 00:00 0 
08048000-08052000 r-xp 00000000 fd:00 6355565    /usr/java/jdk1.6.0_01/bin/java
08052000-08053000 rwxp 00009000 fd:00 6355565    /usr/java/jdk1.6.0_01/bin/java
09966000-09c6e000 rwxp 09966000 00:00 0 
80500000-805f6000 rwxp 80500000 00:00 0 
805f6000-80600000 --xp 805f6000 00:00 0 
80623000-80639000 r-xs 0010e000 fd:00 3863765    /home/vegas/Documents/Academic/Masters_Thesis/code/JunctionBox_noGraphviz/src/java/lib/xerces-j2.jar
80639000-8063a000 --xp 80639000 00:00 0 
8063a000-806ba000 rwxp 8063a000 00:00 0 
806ba000-806bd000 --xp 806ba000 00:00 0 
806bd000-8070b000 rwxp 806bd000 00:00 0 
8070b000-8070e000 --xp 8070b000 00:00 0 
8070e000-8078c000 rwxp 8070e000 00:00 0 
8078c000-8078f000 --xp 8078c000 00:00 0 
8078f000-8080d000 rwxp 8078f000 00:00 0 
8080d000-80810000 --xp 8080d000 00:00 0 
80810000-8085e000 rwxp 80810000 00:00 0 
8085e000-80a5e000 r-xp 00000000 fd:00 5896017    /usr/lib/locale/locale-archive
80a5e000-80a61000 --xp 80a5e000 00:00 0 
80a61000-80aaf000 rwxp 80a61000 00:00 0 
80aaf000-80ab2000 --xp 80aaf000 00:00 0 
80ab2000-80c00000 rwxp 80ab2000 00:00 0 
80c04000-80c05000 --xp 80c04000 00:00 0 
80c05000-80c85000 rwxp 80c05000 00:00 0 
80c85000-80e00000 r-xs 02c75000 fd:00 7534799    /usr/java/jdk1.6.0_01/jre/lib/rt.jar
80e00000-80ef9000 rwxp 80e00000 00:00 0 
80ef9000-80f00000 --xp 80ef9000 00:00 0 
80f0a000-80f18000 r-xp 00000000 fd:00 13357764   /home/vegas/Documents/Academic/Masters_Thesis/code/JunctionBox_noGraphviz/src/java/libjunctionbox.so.1.0.1
80f18000-80f19000 rwxp 0000d000 fd:00 13357764   /home/vegas/Documents/Academic/Masters_Thesis/code/JunctionBox_noGraphviz/src/java/libjunctionbox.so.1.0.1
80f19000-80f49000 rwxp 80f19000 00:00 0 
80f49000-80f4a000 --xp 80f49000 00:00 0 
80f4a000-80fca000 rwxp 80f4a000 00:00 0 
80fca000-80fcb000 --xp 80fca000 00:00 0 
80fcb000-8104b000 rwxp 80fcb000 00:00 0 
8104b000-8104c000 --xp 8104b000 00:00 0 
8104c000-810cc000 rwxp 8104c000 00:00 0 
810cc000-810cd000 --xp 810cc000 00:00 0 
810cd000-8114d000 rwxp 810cd000 00:00 0 
8114d000-8114e000 --xp 8114d000 00:00 0 
8114e000-811ce000 rwxp 8114e000 00:00 0 
811ce000-811cf000 --xp 811ce000 00:00 0 
811cf000-8124f000 rwxp 811cf000 00:00 0 
8124f000-81250000 --xp 8124f000 00:00 0 
81250000-812d0000 rwxp 81250000 00:00 0 
812d0000-812d1000 --xp 812d0000 00:00 0 
812d1000-81359000 rwxp 812d1000 00:00 0 
81359000-81371000 rwxp 81359000 00:00 0 
81371000-81387000 rwxp 81371000 00:00 0 
81387000-814c3000 rwxp 81387000 00:00 0 
814c3000-814cb000 rwxp 814c3000 00:00 0 
814cb000-814e3000 rwxp 814cb000 00:00 0 
814e3000-814f9000 rwxp 814e3000 00:00 0 
814f9000-81634000 rwxp 814f9000 00:00 0 
81634000-81638000 rwxp 81634000 00:00 0 
81638000-8165f000 rwxp 81638000 00:00 0 
8165f000-82660000 rwxp 8165f000 00:00 0 
82660000-85660000 rwxp 82660000 00:00 0 
85660000-88090000 rwxp 85660000 00:00 0 
88090000-af9f0000 rwxp 88090000 00:00 0 
af9f0000-aff30000 rwxp af9f0000 00:00 0 
aff30000-b4e60000 rwxp aff30000 00:00 0 
b4e6c000-b4e6e000 r-xs 00005000 fd:00 13357756   /home/vegas/Documents/Academic/Masters_Thesis/code/JunctionBox_noGraphviz/src/java/XBIFParser.jar
b4e6e000-b4e77000 rwxp b4e6e000 00:00 0 
b4e77000-b4f2e000 rwxp b4e77000 00:00 0 
b4f2e000-b516e000 rwxp b4f2e000 00:00 0 
b516e000-b7f2e000 rwxp b516e000 00:00 0 
b7f2e000-b7f3d000 r-xp 00000000 fd:00 7594801    /usr/java/jdk1.6.0_01/jre/lib/i386/libzip.so
b7f3d000-b7f3f000 rwxp 0000e000 fd:00 7594801    /usr/java/jdk1.6.0_01/jre/lib/i386/libzip.so
b7f3f000-b7f62000 r-xp 00000000 fd:00 7594778    /usr/java/jdk1.6.0_01/jre/lib/i386/libjava.so
b7f62000-b7f64000 rwxp 00023000 fd:00 7594778    /usr/java/jdk1.6.0_01/jre/lib/i386/libjava.so
b7f64000-b7f6f000 r-xp 00000000 fd:00 7594800    /usr/java/jdk1.6.0_01/jre/lib/i386/libverify.so
b7f6f000-b7f70000 rwxp 0000b000 fd:00 7594800    /usr/java/jdk1.6.0_01/jre/lib/i386/libverify.so
b7f70000-b7f78000 rwxs 00000000 fd:00 14600867   /tmp/hsperfdata_vegas/31514
b7f78000-b7f7b000 --xp b7f78000 00:00 0 
b7f7b000-b7fcb000 rwxp b7f7b000 00:00 0 
b7fcb000-b7fd2000 r-xp 00000000 fd:00 7594761    /usr/java/jdk1.6.0_01/jre/lib/i386/jli/libjli.so
b7fd2000-b7fd4000 rwxp 00006000 fd:00 7594761    /usr/java/jdk1.6.0_01/jre/lib/i386/jli/libjli.so
b7fd4000-b7fd5000 rwxp b7fd4000 00:00 0 
b7fd5000-b7fd7000 r-xs 00003000 fd:00 13357755   /home/vegas/Documents/Academic/Masters_Thesis/code/JunctionBox_noGraphviz/src/java/junctionbox.jar
b7fd7000-b7fe1000 r-xp 00000000 fd:00 14109256   /lib/libnss_files-2.6.so
b7fe1000-b7fe2000 r-xp 00009000 fd:00 14109256   /lib/libnss_files-2.6.so
b7fe2000-b7fe3000 rwxp 0000a000 fd:00 14109256   /lib/libnss_files-2.6.so
b7fe3000-b7fe9000 r-xp 00000000 fd:00 7594805    /usr/java/jdk1.6.0_01/jre/lib/i386/native_threads/libhpi.so
b7fe9000-b7fea000 rwxp 00006000 fd:00 7594805    /usr/java/jdk1.6.0_01/jre/lib/i386/native_threads/libhpi.so
b7fea000-b7feb000 rwxp b7fea000 00:00 0 
b7feb000-b7fec000 r-xp b7feb000 00:00 0 
b7fec000-b7fed000 rwxp b7fec000 00:00 0 
b7fed000-b7fee000 r-xp b7fed000 00:00 0          [vdso]
bfbf7000-bfc0c000 rwxp bffea000 00:00 0          [stack]

VM Arguments:
jvm_args: -Djava.library.path=.
java_command: edu.umb.junctionbox.XBIFParser -m ../../res/UAI/xbif/pe/BN_0.xbif
Launcher Type: SUN_STANDARD

Environment Variables:
JAVA_HOME=/usr/java/jdk1.6.0_01
PATH=/usr/lib/qt-3.3/bin:/usr/kerberos/bin:/usr/lib/ccache:/usr/java/jdk1.6.0_01/bin:/usr/local/bin:/usr/bin:/bin:/home/vegas/bin:/home/vegas/lib/android_sdk_linux_m3-rc22a/tools:/home/vegas/lib/scripts
LD_LIBRARY_PATH=/usr/java/jdk1.6.0_01/jre/lib/i386/server:/usr/java/jdk1.6.0_01/jre/lib/i386:/usr/java/jdk1.6.0_01/jre/../lib/i386
SHELL=/bin/zsh
DISPLAY=:0.0

Signal Handlers:
SIGSEGV: [libjvm.so+0x51d3a0], sa_mask[0]=0x7ffbfeff, sa_flags=0x10000004
SIGBUS: [libjvm.so+0x51d3a0], sa_mask[0]=0x7ffbfeff, sa_flags=0x10000004
SIGFPE: [libjvm.so+0x43d430], sa_mask[0]=0x7ffbfeff, sa_flags=0x10000004
SIGPIPE: [libjvm.so+0x43d430], sa_mask[0]=0x7ffbfeff, sa_flags=0x10000004
SIGILL: [libjvm.so+0x43d430], sa_mask[0]=0x7ffbfeff, sa_flags=0x10000004
SIGUSR1: SIG_DFL, sa_mask[0]=0x00000000, sa_flags=0x00000000
SIGUSR2: [libjvm.so+0x43f440], sa_mask[0]=0x00000000, sa_flags=0x10000004
SIGHUP: [libjvm.so+0x43ee60], sa_mask[0]=0x7ffbfeff, sa_flags=0x10000004
SIGINT: [libjvm.so+0x43ee60], sa_mask[0]=0x7ffbfeff, sa_flags=0x10000004
SIGQUIT: [libjvm.so+0x43ee60], sa_mask[0]=0x7ffbfeff, sa_flags=0x10000004
SIGTERM: [libjvm.so+0x43ee60], sa_mask[0]=0x7ffbfeff, sa_flags=0x10000004
SIGUSR2: [libjvm.so+0x43f440], sa_mask[0]=0x00000000, sa_flags=0x10000004


---------------  S Y S T E M  ---------------

OS:Fedora release 7 (Moonshine)

uname:Linux 2.6.23.15-80.fc7 #1 SMP Sun Feb 10 17:29:10 EST 2008 i686
libc:glibc 2.6 NPTL 2.6 
rlimit: STACK 10240k, CORE 0k, NPROC 65536, NOFILE 1024, AS infinity
load average:0.34 0.12 0.09

CPU:total 8 family 15, cmov, cx8, fxsr, mmx, sse, sse2, ht

Memory: 4k page, physical 3105784k(261268k free), swap 11350000k(11349928k free)

vm_info: Java HotSpot(TM) Server VM (1.6.0_01-b06) for linux-x86, built on Mar 14 2007 00:47:53 by "java_re" with gcc 3.2.1-7a (J2SE release)

