#
# An unexpected error has been detected by Java Runtime Environment:
#
#  SIGSEGV (0xb) at pc=0x9077d646, pid=27416, tid=3084565392
#
# Java VM: Java HotSpot(TM) Server VM (10.0-b23 mixed mode linux-x86)
# Problematic frame:
# C  [libjunctionbox.so.1.0.1+0xc646]  Pot_CreateTabularUnityLog+0xcc
#
# If you would like to submit a bug report, please visit:
#   http://java.sun.com/webapps/bugreport/crash.jsp
# The crash happened outside the Java Virtual Machine in native code.
# See problematic frame for where to report the bug.
#

---------------  T H R E A D  ---------------

Current thread (0x08058c00):  JavaThread "main" [_thread_in_native, id=27417, stack(0xb7d5b000,0xb7dac000)]

siginfo:si_signo=SIGSEGV: si_errno=0, si_code=1 (SEGV_MAPERR), si_addr=0x00000000

Registers:
EAX=0x00000000, EBX=0x90782694, ECX=0x00000000, EDX=0x00000000
ESP=0xb7daaee0, EBP=0xb7daaf08, ESI=0x912cbb5c, EDI=0x08058c00
EIP=0x9077d646, CR2=0x00000000, EFLAGS=0x00210246

Top of Stack: (sp=0xb7daaee0)
0xb7daaee0:   00079000 90782694 b7daaf08 9077c051
0xb7daaef0:   bf8ec730 0000f200 00000005 00000000
0xb7daaf00:   bf8ec710 90782694 b7daaf68 9077f037
0xb7daaf10:   8e2dc838 bf8ec700 0811d370 00000000
0xb7daaf20:   00000001 00000005 00000000 9077421b
0xb7daaf30:   000000c5 90771000 00011704 00000005
0xb7daaf40:   9077306c bf8ec700 8e2dc810 671ddfa8
0xb7daaf50:   671ddf58 b7f69c50 00000590 00000000 

Instructions: (pc=0x9077d646)
0x9077d636:   45 f8 8b 50 0c 8b 45 f4 c1 e0 03 8d 04 02 d9 ee
0x9077d646:   dd 18 83 45 f4 01 8b 45 f4 3b 45 ec 7c e1 8b 45 

Stack: [0xb7d5b000,0xb7dac000],  sp=0xb7daaee0,  free space=319k
Native frames: (J=compiled Java code, j=interpreted, Vv=VM code, C=native code)
C  [libjunctionbox.so.1.0.1+0xc646]  Pot_CreateTabularUnityLog+0xcc
C  [libjunctionbox.so.1.0.1+0xe037]  BNet_InitializePotentialsLog+0x12d
C  [libjunctionbox.so.1.0.1+0x6d9a]  Java_edu_umb_junctionbox_junctionboxJNI_BNet_1InitializePotentialsLog+0x38
v  ~BufferBlob::Interpreter
v  ~BufferBlob::Interpreter
v  ~BufferBlob::Interpreter
v  ~BufferBlob::StubRoutines (1)
V  [libjvm.so+0x3735bd]
V  [libjvm.so+0x4fd5d8]
V  [libjvm.so+0x373450]
V  [libjvm.so+0x39ca76]
V  [libjvm.so+0x38e278]
C  [java+0x1b98]  JavaMain+0x2c8
C  [libpthread.so.0+0x54fb]

Java frames: (J=compiled Java code, j=interpreted, Vv=VM code)
v  ~BufferBlob::Interpreter
v  ~BufferBlob::Interpreter
v  ~BufferBlob::Interpreter
v  ~BufferBlob::StubRoutines (1)

---------------  P R O C E S S  ---------------

Java Threads: ( => current thread )
  0x080fe000 JavaThread "Low Memory Detector" daemon [_thread_blocked, id=27426, stack(0x9081a000,0x9086b000)]
  0x080fc800 JavaThread "CompilerThread1" daemon [_thread_blocked, id=27425, stack(0x9086b000,0x908ec000)]
  0x080f9c00 JavaThread "CompilerThread0" daemon [_thread_blocked, id=27424, stack(0x908ec000,0x9096d000)]
  0x080f8c00 JavaThread "Signal Dispatcher" daemon [_thread_blocked, id=27423, stack(0x9096d000,0x909be000)]
  0x080e0000 JavaThread "Finalizer" daemon [_thread_blocked, id=27422, stack(0x909fd000,0x90a4e000)]
  0x080dbc00 JavaThread "Reference Handler" daemon [_thread_blocked, id=27421, stack(0x90a4e000,0x90a9f000)]
=>0x08058c00 JavaThread "main" [_thread_in_native, id=27417, stack(0xb7d5b000,0xb7dac000)]

Other Threads:
  0x080d8800 VMThread [stack: 0x90a9f000,0x90b20000] [id=27420]
  0x080ff800 WatcherThread [stack: 0x90799000,0x9081a000] [id=27427]

VM state:not at safepoint (normal execution)

VM Mutex/Monitor currently owned by a thread: None

Heap
 PSYoungGen      total 23936K, used 11442K [0xb1390000, 0xb41d0000, 0xb4c00000)
  eden space 23872K, 47% used [0xb1390000,0xb1eac988,0xb2ae0000)
  from space 64K, 100% used [0xb41c0000,0xb41d0000,0xb41d0000)
  to   space 960K, 0% used [0xb3ff0000,0xb3ff0000,0xb40e0000)
 PSOldGen        total 28864K, used 2425K [0x95000000, 0x96c30000, 0xb1390000)
  object space 28864K, 8% used [0x95000000,0x9525e5a8,0x96c30000)
 PSPermGen       total 16384K, used 2905K [0x91000000, 0x92000000, 0x95000000)
  object space 16384K, 17% used [0x91000000,0x912d66f8,0x92000000)

Dynamic libraries:
00022000-06000000 rwxp 00022000 00:00 0 
06000000-0665d000 r-xp 00000000 08:01 6063660    /home/afairley/local/jdk1.6.0_07/jre/lib/i386/server/libjvm.so
0665d000-066a1000 rwxp 0065c000 08:01 6063660    /home/afairley/local/jdk1.6.0_07/jre/lib/i386/server/libjvm.so
066a1000-06ac3000 rwxp 066a1000 00:00 0 
06ad2000-08048000 rwxp 06ad2000 00:00 0 
08048000-08052000 r-xp 00000000 08:01 6086809    /home/afairley/local/jdk1.6.0_07/bin/java
08052000-08053000 rwxp 00009000 08:01 6086809    /home/afairley/local/jdk1.6.0_07/bin/java
08053000-08a84000 rwxp 08053000 00:00 0          [heap]
08a96000-65fd8000 rwxp 08a96000 00:00 0 
65fd8000-66000000 ---p 65fd8000 00:00 0 
66000000-660ed000 rwxp 66000000 00:00 0 
660ed000-66100000 ---p 660ed000 00:00 0 
66100000-662ff000 rwxp 66100000 00:00 0 
662ff000-66300000 ---p 662ff000 00:00 0 
66300000-663fe000 rwxp 66300000 00:00 0 
663fe000-66400000 ---p 663fe000 00:00 0 
66400000-664ff000 rwxp 66400000 00:00 0 
664ff000-66500000 ---p 664ff000 00:00 0 
66500000-665fe000 rwxp 66500000 00:00 0 
665fe000-66600000 ---p 665fe000 00:00 0 
66600000-666fe000 rwxp 66600000 00:00 0 
666fe000-66700000 ---p 666fe000 00:00 0 
66700000-667de000 rwxp 66700000 00:00 0 
667de000-66800000 ---p 667de000 00:00 0 
66800000-668de000 rwxp 66800000 00:00 0 
668de000-66900000 ---p 668de000 00:00 0 
66900000-669de000 rwxp 66900000 00:00 0 
669de000-66a00000 ---p 669de000 00:00 0 
66a00000-66ade000 rwxp 66a00000 00:00 0 
66ade000-66b00000 ---p 66ade000 00:00 0 
66b00000-66bde000 rwxp 66b00000 00:00 0 
66bde000-66c00000 ---p 66bde000 00:00 0 
66c00000-66cde000 rwxp 66c00000 00:00 0 
66cde000-66d00000 ---p 66cde000 00:00 0 
66d00000-66dde000 rwxp 66d00000 00:00 0 
66dde000-66e00000 ---p 66dde000 00:00 0 
66e00000-66ede000 rwxp 66e00000 00:00 0 
66ede000-66f00000 ---p 66ede000 00:00 0 
66f00000-66fde000 rwxp 66f00000 00:00 0 
66fde000-67000000 ---p 66fde000 00:00 0 
67000000-670de000 rwxp 67000000 00:00 0 
670de000-67100000 ---p 670de000 00:00 0 
67100000-671de000 rwxp 67100000 00:00 0 
671de000-67200000 ---p 671de000 00:00 0 
67200000-672de000 rwxp 67200000 00:00 0 
672de000-67300000 ---p 672de000 00:00 0 
67300000-673de000 rwxp 67300000 00:00 0 
673de000-67400000 ---p 673de000 00:00 0 
67400000-674de000 rwxp 67400000 00:00 0 
674de000-67500000 ---p 674de000 00:00 0 
67500000-675de000 rwxp 67500000 00:00 0 
675de000-67600000 ---p 675de000 00:00 0 
67600000-676de000 rwxp 67600000 00:00 0 
676de000-67700000 ---p 676de000 00:00 0 
67700000-677de000 rwxp 67700000 00:00 0 
677de000-67800000 ---p 677de000 00:00 0 
67800000-678de000 rwxp 67800000 00:00 0 
678de000-67900000 ---p 678de000 00:00 0 
67900000-679de000 rwxp 67900000 00:00 0 
679de000-67a00000 ---p 679de000 00:00 0 
67a00000-67ade000 rwxp 67a00000 00:00 0 
67ade000-67b00000 ---p 67ade000 00:00 0 
67b00000-67bde000 rwxp 67b00000 00:00 0 
67bde000-67c00000 ---p 67bde000 00:00 0 
67c00000-67cde000 rwxp 67c00000 00:00 0 
67cde000-67d00000 ---p 67cde000 00:00 0 
67d00000-67dde000 rwxp 67d00000 00:00 0 
67dde000-67e00000 ---p 67dde000 00:00 0 
67e00000-67ede000 rwxp 67e00000 00:00 0 
67ede000-67f00000 ---p 67ede000 00:00 0 
67f00000-67fde000 rwxp 67f00000 00:00 0 
67fde000-68000000 ---p 67fde000 00:00 0 
68000000-680de000 rwxp 68000000 00:00 0 
680de000-68100000 ---p 680de000 00:00 0 
68100000-681de000 rwxp 68100000 00:00 0 
681de000-68200000 ---p 681de000 00:00 0 
68200000-682de000 rwxp 68200000 00:00 0 
682de000-68300000 ---p 682de000 00:00 0 
68300000-683de000 rwxp 68300000 00:00 0 
683de000-68400000 ---p 683de000 00:00 0 
68400000-684de000 rwxp 68400000 00:00 0 
684de000-68500000 ---p 684de000 00:00 0 
68500000-685de000 rwxp 68500000 00:00 0 
685de000-68600000 ---p 685de000 00:00 0 
68600000-686de000 rwxp 68600000 00:00 0 
686de000-68700000 ---p 686de000 00:00 0 
68700000-687de000 rwxp 68700000 00:00 0 
687de000-68800000 ---p 687de000 00:00 0 
68800000-688de000 rwxp 68800000 00:00 0 
688de000-68900000 ---p 688de000 00:00 0 
68900000-689de000 rwxp 68900000 00:00 0 
689de000-68a00000 ---p 689de000 00:00 0 
68a00000-68ade000 rwxp 68a00000 00:00 0 
68ade000-68b00000 ---p 68ade000 00:00 0 
68b00000-68bde000 rwxp 68b00000 00:00 0 
68bde000-68c00000 ---p 68bde000 00:00 0 
68c00000-68cde000 rwxp 68c00000 00:00 0 
68cde000-68d00000 ---p 68cde000 00:00 0 
68d00000-68dde000 rwxp 68d00000 00:00 0 
68dde000-68e00000 ---p 68dde000 00:00 0 
68e00000-68ede000 rwxp 68e00000 00:00 0 
68ede000-68f00000 ---p 68ede000 00:00 0 
68f00000-68fde000 rwxp 68f00000 00:00 0 
68fde000-69000000 ---p 68fde000 00:00 0 
69000000-690de000 rwxp 69000000 00:00 0 
690de000-69100000 ---p 690de000 00:00 0 
69100000-691de000 rwxp 69100000 00:00 0 
691de000-69200000 ---p 691de000 00:00 0 
69200000-692de000 rwxp 69200000 00:00 0 
692de000-69300000 ---p 692de000 00:00 0 
69300000-693de000 rwxp 69300000 00:00 0 
693de000-69400000 ---p 693de000 00:00 0 
69400000-694de000 rwxp 69400000 00:00 0 
694de000-69500000 ---p 694de000 00:00 0 
69500000-695de000 rwxp 69500000 00:00 0 
695de000-69600000 ---p 695de000 00:00 0 
69600000-696de000 rwxp 69600000 00:00 0 
696de000-69700000 ---p 696de000 00:00 0 
69700000-697e2000 rwxp 69700000 00:00 0 
697e2000-69800000 ---p 697e2000 00:00 0 
69800000-698de000 rwxp 69800000 00:00 0 
698de000-69900000 ---p 698de000 00:00 0 
69900000-69aff000 rwxp 69900000 00:00 0 
69aff000-69b00000 ---p 69aff000 00:00 0 
69b00000-69d00000 rwxp 69b00000 00:00 0 
69d00000-69f00000 rwxp 69d00000 00:00 0 
69f00000-6a100000 rwxp 69f00000 00:00 0 
6a100000-6a300000 rwxp 6a100000 00:00 0 
6a300000-6a500000 rwxp 6a300000 00:00 0 
6a500000-6a700000 rwxp 6a500000 00:00 0 
6a700000-6a900000 rwxp 6a700000 00:00 0 
6a900000-6ab00000 rwxp 6a900000 00:00 0 
6ab00000-6ad00000 rwxp 6ab00000 00:00 0 
6ad00000-6af00000 rwxp 6ad00000 00:00 0 
6af00000-6b100000 rwxp 6af00000 00:00 0 
6b100000-6b300000 rwxp 6b100000 00:00 0 
6b300000-6b500000 rwxp 6b300000 00:00 0 
6b500000-6b700000 rwxp 6b500000 00:00 0 
6b700000-6b900000 rwxp 6b700000 00:00 0 
6b900000-6bb00000 rwxp 6b900000 00:00 0 
6bb00000-6bd00000 rwxp 6bb00000 00:00 0 
6bd00000-6bf00000 rwxp 6bd00000 00:00 0 
6bf00000-6c100000 rwxp 6bf00000 00:00 0 
6c100000-6c300000 rwxp 6c100000 00:00 0 
6c300000-6c500000 rwxp 6c300000 00:00 0 
6c500000-6c700000 rwxp 6c500000 00:00 0 
6c700000-6c900000 rwxp 6c700000 00:00 0 
6c900000-6cb00000 rwxp 6c900000 00:00 0 
6cb00000-6cd00000 rwxp 6cb00000 00:00 0 
6cd00000-6cf00000 rwxp 6cd00000 00:00 0 
6cf00000-6d100000 rwxp 6cf00000 00:00 0 
6d100000-6d300000 rwxp 6d100000 00:00 0 
6d300000-6d500000 rwxp 6d300000 00:00 0 
6d500000-6d700000 rwxp 6d500000 00:00 0 
6d700000-6d900000 rwxp 6d700000 00:00 0 
6d900000-6db00000 rwxp 6d900000 00:00 0 
6db00000-6dd00000 rwxp 6db00000 00:00 0 
6dd00000-6df00000 rwxp 6dd00000 00:00 0 
6df00000-6e100000 rwxp 6df00000 00:00 0 
6e100000-6e300000 rwxp 6e100000 00:00 0 
6e300000-6e500000 rwxp 6e300000 00:00 0 
6e500000-6e700000 rwxp 6e500000 00:00 0 
6e700000-6e900000 rwxp 6e700000 00:00 0 
6e900000-6eb00000 rwxp 6e900000 00:00 0 
6eb00000-6ed00000 rwxp 6eb00000 00:00 0 
6ed00000-6ef00000 rwxp 6ed00000 00:00 0 
6ef00000-6f100000 rwxp 6ef00000 00:00 0 
6f100000-6f300000 rwxp 6f100000 00:00 0 
6f300000-6f500000 rwxp 6f300000 00:00 0 
6f500000-6f700000 rwxp 6f500000 00:00 0 
6f700000-6f900000 rwxp 6f700000 00:00 0 
6f900000-6fb00000 rwxp 6f900000 00:00 0 
6fb00000-6fd00000 rwxp 6fb00000 00:00 0 
6fd00000-6ff00000 rwxp 6fd00000 00:00 0 
6ff00000-70100000 rwxp 6ff00000 00:00 0 
70100000-70300000 rwxp 70100000 00:00 0 
70300000-70500000 rwxp 70300000 00:00 0 
70500000-70700000 rwxp 70500000 00:00 0 
70700000-70900000 rwxp 70700000 00:00 0 
70900000-70b00000 rwxp 70900000 00:00 0 
70b00000-70d00000 rwxp 70b00000 00:00 0 
70d00000-70f00000 rwxp 70d00000 00:00 0 
70f00000-71100000 rwxp 70f00000 00:00 0 
71100000-71300000 rwxp 71100000 00:00 0 
71300000-71500000 rwxp 71300000 00:00 0 
71500000-71700000 rwxp 71500000 00:00 0 
71700000-71900000 rwxp 71700000 00:00 0 
71900000-71b00000 rwxp 71900000 00:00 0 
71b00000-71d00000 rwxp 71b00000 00:00 0 
71d00000-71f00000 rwxp 71d00000 00:00 0 
71f00000-72100000 rwxp 71f00000 00:00 0 
72100000-72300000 rwxp 72100000 00:00 0 
72300000-72500000 rwxp 72300000 00:00 0 
72500000-72700000 rwxp 72500000 00:00 0 
72700000-72900000 rwxp 72700000 00:00 0 
72900000-72b00000 rwxp 72900000 00:00 0 
72b00000-72d00000 rwxp 72b00000 00:00 0 
72d00000-72f00000 rwxp 72d00000 00:00 0 
72f00000-73100000 rwxp 72f00000 00:00 0 
73100000-73300000 rwxp 73100000 00:00 0 
73300000-73500000 rwxp 73300000 00:00 0 
73500000-73700000 rwxp 73500000 00:00 0 
73700000-73900000 rwxp 73700000 00:00 0 
73900000-73b00000 rwxp 73900000 00:00 0 
73b00000-73d00000 rwxp 73b00000 00:00 0 
73d00000-73f00000 rwxp 73d00000 00:00 0 
73f00000-74100000 rwxp 73f00000 00:00 0 
74100000-74300000 rwxp 74100000 00:00 0 
74300000-74500000 rwxp 74300000 00:00 0 
74500000-74700000 rwxp 74500000 00:00 0 
74700000-74900000 rwxp 74700000 00:00 0 
74900000-74b00000 rwxp 74900000 00:00 0 
74b00000-74d00000 rwxp 74b00000 00:00 0 
74d00000-74f00000 rwxp 74d00000 00:00 0 
74f00000-75100000 rwxp 74f00000 00:00 0 
75100000-75300000 rwxp 75100000 00:00 0 
75300000-75500000 rwxp 75300000 00:00 0 
75500000-75700000 rwxp 75500000 00:00 0 
75700000-75900000 rwxp 75700000 00:00 0 
75900000-75b00000 rwxp 75900000 00:00 0 
75b00000-75d00000 rwxp 75b00000 00:00 0 
75d00000-75f00000 rwxp 75d00000 00:00 0 
75f00000-76100000 rwxp 75f00000 00:00 0 
76100000-76300000 rwxp 76100000 00:00 0 
76300000-76500000 rwxp 76300000 00:00 0 
76500000-76700000 rwxp 76500000 00:00 0 
76700000-76900000 rwxp 76700000 00:00 0 
76900000-76b00000 rwxp 76900000 00:00 0 
76b00000-76d00000 rwxp 76b00000 00:00 0 
76d00000-76f00000 rwxp 76d00000 00:00 0 
76f00000-77100000 rwxp 76f00000 00:00 0 
77100000-77300000 rwxp 77100000 00:00 0 
77300000-77500000 rwxp 77300000 00:00 0 
77500000-77700000 rwxp 77500000 00:00 0 
77700000-77900000 rwxp 77700000 00:00 0 
77900000-77b00000 rwxp 77900000 00:00 0 
77b00000-77d00000 rwxp 77b00000 00:00 0 
77d00000-77f00000 rwxp 77d00000 00:00 0 
77f00000-78100000 rwxp 77f00000 00:00 0 
78100000-78300000 rwxp 78100000 00:00 0 
78300000-78500000 rwxp 78300000 00:00 0 
78500000-78700000 rwxp 78500000 00:00 0 
78700000-78900000 rwxp 78700000 00:00 0 
78900000-78b00000 rwxp 78900000 00:00 0 
78b00000-78d00000 rwxp 78b00000 00:00 0 
78d00000-78f00000 rwxp 78d00000 00:00 0 
78f00000-79100000 rwxp 78f00000 00:00 0 
79100000-79300000 rwxp 79100000 00:00 0 
79300000-79500000 rwxp 79300000 00:00 0 
79500000-79700000 rwxp 79500000 00:00 0 
79700000-79900000 rwxp 79700000 00:00 0 
79900000-79b00000 rwxp 79900000 00:00 0 
79b00000-79d00000 rwxp 79b00000 00:00 0 
79d00000-79f00000 rwxp 79d00000 00:00 0 
79f00000-7a100000 rwxp 79f00000 00:00 0 
7a100000-7a300000 rwxp 7a100000 00:00 0 
7a300000-7a500000 rwxp 7a300000 00:00 0 
7a500000-7a700000 rwxp 7a500000 00:00 0 
7a700000-7a900000 rwxp 7a700000 00:00 0 
7a900000-7ab00000 rwxp 7a900000 00:00 0 
7ab00000-7ad00000 rwxp 7ab00000 00:00 0 
7ad00000-7af00000 rwxp 7ad00000 00:00 0 
7af00000-7b100000 rwxp 7af00000 00:00 0 
7b100000-7b300000 rwxp 7b100000 00:00 0 
7b300000-7b500000 rwxp 7b300000 00:00 0 
7b500000-7b700000 rwxp 7b500000 00:00 0 
7b700000-7b900000 rwxp 7b700000 00:00 0 
7b900000-7bb00000 rwxp 7b900000 00:00 0 
7bb00000-7bd00000 rwxp 7bb00000 00:00 0 
7bd00000-7bf00000 rwxp 7bd00000 00:00 0 
7bf00000-7c100000 rwxp 7bf00000 00:00 0 
7c100000-7c300000 rwxp 7c100000 00:00 0 
7c300000-7c500000 rwxp 7c300000 00:00 0 
7c500000-7c700000 rwxp 7c500000 00:00 0 
7c700000-7c900000 rwxp 7c700000 00:00 0 
7c900000-7cb00000 rwxp 7c900000 00:00 0 
7cb00000-7cd00000 rwxp 7cb00000 00:00 0 
7cd00000-7cf00000 rwxp 7cd00000 00:00 0 
7cf00000-7d100000 rwxp 7cf00000 00:00 0 
7d100000-7d300000 rwxp 7d100000 00:00 0 
7d300000-7d500000 rwxp 7d300000 00:00 0 
7d500000-7d700000 rwxp 7d500000 00:00 0 
7d700000-7d900000 rwxp 7d700000 00:00 0 
7d900000-7db00000 rwxp 7d900000 00:00 0 
7db00000-7dd00000 rwxp 7db00000 00:00 0 
7dd00000-7df00000 rwxp 7dd00000 00:00 0 
7df00000-7e100000 rwxp 7df00000 00:00 0 
7e100000-7e300000 rwxp 7e100000 00:00 0 
7e300000-7e500000 rwxp 7e300000 00:00 0 
7e500000-7e700000 rwxp 7e500000 00:00 0 
7e700000-7e900000 rwxp 7e700000 00:00 0 
7e900000-7eb00000 rwxp 7e900000 00:00 0 
7eb00000-7ed00000 rwxp 7eb00000 00:00 0 
7ed00000-7ef00000 rwxp 7ed00000 00:00 0 
7ef00000-7f100000 rwxp 7ef00000 00:00 0 
7f100000-7f300000 rwxp 7f100000 00:00 0 
7f300000-7f500000 rwxp 7f300000 00:00 0 
7f500000-7f700000 rwxp 7f500000 00:00 0 
7f700000-7f900000 rwxp 7f700000 00:00 0 
7f900000-7fb00000 rwxp 7f900000 00:00 0 
7fb00000-7fd00000 rwxp 7fb00000 00:00 0 
7fd00000-7ff00000 rwxp 7fd00000 00:00 0 
7ff00000-80100000 rwxp 7ff00000 00:00 0 
80100000-80300000 rwxp 80100000 00:00 0 
80300000-80500000 rwxp 80300000 00:00 0 
80500000-80700000 rwxp 80500000 00:00 0 
80700000-80900000 rwxp 80700000 00:00 0 
80900000-80b00000 rwxp 80900000 00:00 0 
80b00000-80d00000 rwxp 80b00000 00:00 0 
80d00000-80f00000 rwxp 80d00000 00:00 0 
80f00000-81100000 rwxp 80f00000 00:00 0 
81100000-81300000 rwxp 81100000 00:00 0 
81300000-81500000 rwxp 81300000 00:00 0 
81500000-81700000 rwxp 81500000 00:00 0 
81700000-81900000 rwxp 81700000 00:00 0 
81900000-81b00000 rwxp 81900000 00:00 0 
81b00000-81d00000 rwxp 81b00000 00:00 0 
81d00000-81f00000 rwxp 81d00000 00:00 0 
81f00000-82100000 rwxp 81f00000 00:00 0 
82100000-82300000 rwxp 82100000 00:00 0 
82300000-82500000 rwxp 82300000 00:00 0 
82500000-82700000 rwxp 82500000 00:00 0 
82700000-82900000 rwxp 82700000 00:00 0 
82900000-82b00000 rwxp 82900000 00:00 0 
82b00000-82d00000 rwxp 82b00000 00:00 0 
82d00000-82f00000 rwxp 82d00000 00:00 0 
82f00000-83100000 rwxp 82f00000 00:00 0 
83100000-83300000 rwxp 83100000 00:00 0 
83300000-83500000 rwxp 83300000 00:00 0 
83500000-83700000 rwxp 83500000 00:00 0 
83700000-83900000 rwxp 83700000 00:00 0 
83900000-83b00000 rwxp 83900000 00:00 0 
83b00000-83d00000 rwxp 83b00000 00:00 0 
83d00000-83f00000 rwxp 83d00000 00:00 0 
83f00000-84100000 rwxp 83f00000 00:00 0 
84100000-84300000 rwxp 84100000 00:00 0 
84300000-84500000 rwxp 84300000 00:00 0 
84500000-84700000 rwxp 84500000 00:00 0 
84700000-84900000 rwxp 84700000 00:00 0 
84900000-84b00000 rwxp 84900000 00:00 0 
84b00000-84d00000 rwxp 84b00000 00:00 0 
84d00000-84f00000 rwxp 84d00000 00:00 0 
84f00000-85100000 rwxp 84f00000 00:00 0 
85100000-85300000 rwxp 85100000 00:00 0 
85300000-85500000 rwxp 85300000 00:00 0 
85500000-85700000 rwxp 85500000 00:00 0 
85700000-85900000 rwxp 85700000 00:00 0 
85900000-85b00000 rwxp 85900000 00:00 0 
85b00000-85d00000 rwxp 85b00000 00:00 0 
85d00000-85f00000 rwxp 85d00000 00:00 0 
85f00000-86100000 rwxp 85f00000 00:00 0 
86100000-86300000 rwxp 86100000 00:00 0 
86300000-86500000 rwxp 86300000 00:00 0 
86500000-86700000 rwxp 86500000 00:00 0 
86700000-86900000 rwxp 86700000 00:00 0 
86900000-86b00000 rwxp 86900000 00:00 0 
86b00000-86d00000 rwxp 86b00000 00:00 0 
86d00000-86f00000 rwxp 86d00000 00:00 0 
86f00000-87100000 rwxp 86f00000 00:00 0 
87100000-87300000 rwxp 87100000 00:00 0 
87300000-87500000 rwxp 87300000 00:00 0 
87500000-87700000 rwxp 87500000 00:00 0 
87700000-87900000 rwxp 87700000 00:00 0 
87900000-87b00000 rwxp 87900000 00:00 0 
87b00000-87d00000 rwxp 87b00000 00:00 0 
87d00000-87f00000 rwxp 87d00000 00:00 0 
87f00000-88100000 rwxp 87f00000 00:00 0 
88100000-88300000 rwxp 88100000 00:00 0 
88300000-88500000 rwxp 88300000 00:00 0 
88500000-88700000 rwxp 88500000 00:00 0 
88700000-88900000 rwxp 88700000 00:00 0 
88900000-88b00000 rwxp 88900000 00:00 0 
88b00000-88d00000 rwxp 88b00000 00:00 0 
88d00000-88f00000 rwxp 88d00000 00:00 0 
88f00000-89100000 rwxp 88f00000 00:00 0 
89100000-89300000 rwxp 89100000 00:00 0 
89300000-89500000 rwxp 89300000 00:00 0 
89500000-89700000 rwxp 89500000 00:00 0 
89700000-89900000 rwxp 89700000 00:00 0 
89900000-89b00000 rwxp 89900000 00:00 0 
89b00000-89d00000 rwxp 89b00000 00:00 0 
89d00000-89f00000 rwxp 89d00000 00:00 0 
89f00000-8a100000 rwxp 89f00000 00:00 0 
8a100000-8a300000 rwxp 8a100000 00:00 0 
8a300000-8a500000 rwxp 8a300000 00:00 0 
8a500000-8a700000 rwxp 8a500000 00:00 0 
8a700000-8a900000 rwxp 8a700000 00:00 0 
8a900000-8ab00000 rwxp 8a900000 00:00 0 
8ab00000-8ad00000 rwxp 8ab00000 00:00 0 
8ad00000-8af00000 rwxp 8ad00000 00:00 0 
8af00000-8b100000 rwxp 8af00000 00:00 0 
8b100000-8b300000 rwxp 8b100000 00:00 0 
8b300000-8b500000 rwxp 8b300000 00:00 0 
8b500000-8b700000 rwxp 8b500000 00:00 0 
8b700000-8b900000 rwxp 8b700000 00:00 0 
8b900000-8ba7a000 rwxp 8b900000 00:00 0 
8ba7a000-8e400000 rwxp 8ba7a000 00:00 0 
8e400000-8e600000 rwxp 8e400000 00:00 0 
8e600000-8e800000 rwxp 8e600000 00:00 0 
8e800000-8e9fa000 rwxp 8e800000 00:00 0 
8e9fa000-8ea00000 ---p 8e9fa000 00:00 0 
8ea00000-8ebfc000 rwxp 8ea00000 00:00 0 
8ebfc000-8ec00000 ---p 8ebfc000 00:00 0 
8ec00000-8ecf9000 rwxp 8ec00000 00:00 0 
8ecf9000-8ed00000 ---p 8ecf9000 00:00 0 
8ed00000-8edf4000 rwxp 8ed00000 00:00 0 
8edf4000-8ee00000 ---p 8edf4000 00:00 0 
8ee00000-8eefa000 rwxp 8ee00000 00:00 0 
8eefa000-8ef00000 ---p 8eefa000 00:00 0 
8ef00000-8f000000 rwxp 8ef00000 00:00 0 
8f000000-8f0f4000 rwxp 8f000000 00:00 0 
8f0f4000-8f100000 ---p 8f0f4000 00:00 0 
8f100000-8f200000 rwxp 8f100000 00:00 0 
8f200000-8f2fd000 rwxp 8f200000 00:00 0 
8f2fd000-8f300000 ---p 8f2fd000 00:00 0 
8f300000-8f3f1000 rwxp 8f300000 00:00 0 
8f3f1000-8f400000 ---p 8f3f1000 00:00 0 
8f400000-8f4ff000 rwxp 8f400000 00:00 0 
8f4ff000-8f500000 ---p 8f4ff000 00:00 0 
8f500000-8f5fb000 rwxp 8f500000 00:00 0 
8f5fb000-8f600000 ---p 8f5fb000 00:00 0 
8f600000-8f6f4000 rwxp 8f600000 00:00 0 
8f6f4000-8f700000 ---p 8f6f4000 00:00 0 
8f700000-8f7fd000 rwxp 8f700000 00:00 0 
8f7fd000-8f800000 ---p 8f7fd000 00:00 0 
8f800000-8f9f1000 rwxp 8f800000 00:00 0 
8f9f1000-8fa00000 ---p 8f9f1000 00:00 0 
8fa00000-8fbf7000 rwxp 8fa00000 00:00 0 
8fbf7000-8fc00000 ---p 8fbf7000 00:00 0 
8fc00000-8fcf8000 rwxp 8fc00000 00:00 0 
8fcf8000-8fd00000 ---p 8fcf8000 00:00 0 
8fd00000-8fdf3000 rwxp 8fd00000 00:00 0 
8fdf3000-8fe00000 ---p 8fdf3000 00:00 0 
8fe00000-8fef4000 rwxp 8fe00000 00:00 0 
8fef4000-8ff00000 ---p 8fef4000 00:00 0 
8ff00000-8fff4000 rwxp 8ff00000 00:00 0 
8fff4000-90000000 ---p 8fff4000 00:00 0 
90000000-900fc000 rwxp 90000000 00:00 0 
900fc000-90100000 ---p 900fc000 00:00 0 
90100000-901fe000 rwxp 90100000 00:00 0 
901fe000-90200000 ---p 901fe000 00:00 0 
90200000-902fe000 rwxp 90200000 00:00 0 
902fe000-90300000 ---p 902fe000 00:00 0 
90300000-903fd000 rwxp 90300000 00:00 0 
903fd000-90400000 ---p 903fd000 00:00 0 
90400000-904f5000 rwxp 90400000 00:00 0 
904f5000-90500000 ---p 904f5000 00:00 0 
90500000-90600000 rwxp 90500000 00:00 0 
90600000-906fb000 rwxp 90600000 00:00 0 
906fb000-90700000 ---p 906fb000 00:00 0 
90708000-90771000 rwxp 90708000 00:00 0 
90771000-90782000 r-xp 00000000 08:01 6046254    /home/afairley/Documents/Projects/JunctionBox_noGraphviz/src/java/libjunctionbox.so.1.0.1
90782000-90783000 rwxp 00010000 08:01 6046254    /home/afairley/Documents/Projects/JunctionBox_noGraphviz/src/java/libjunctionbox.so.1.0.1
90783000-90799000 r-xs 0010e000 08:01 6046652    /home/afairley/Documents/Projects/JunctionBox_noGraphviz/src/java/lib/xerces-j2.jar
90799000-9079a000 ---p 90799000 00:00 0 
9079a000-9081a000 rwxp 9079a000 00:00 0 
9081a000-9081d000 ---p 9081a000 00:00 0 
9081d000-9086b000 rwxp 9081d000 00:00 0 
9086b000-9086e000 ---p 9086b000 00:00 0 
9086e000-908ec000 rwxp 9086e000 00:00 0 
908ec000-908ef000 ---p 908ec000 00:00 0 
908ef000-9096d000 rwxp 908ef000 00:00 0 
9096d000-90970000 ---p 9096d000 00:00 0 
90970000-909be000 rwxp 90970000 00:00 0 
909be000-909fd000 r-xp 00000000 08:01 18113402   /usr/lib/locale/en_US.utf8/LC_CTYPE
909fd000-90a00000 ---p 909fd000 00:00 0 
90a00000-90a4e000 rwxp 90a00000 00:00 0 
90a4e000-90a51000 ---p 90a4e000 00:00 0 
90a51000-90a9f000 rwxp 90a51000 00:00 0 
90a9f000-90aa0000 ---p 90a9f000 00:00 0 
90aa0000-90b52000 rwxp 90aa0000 00:00 0 
90b52000-90cdd000 r-xs 02def000 08:01 6063756    /home/afairley/local/jdk1.6.0_07/jre/lib/rt.jar
90cdd000-90cde000 ---p 90cdd000 00:00 0 
90cde000-90d5e000 rwxp 90cde000 00:00 0 
90d5e000-90d5f000 ---p 90d5e000 00:00 0 
90d5f000-90de7000 rwxp 90d5f000 00:00 0 
90de7000-90dff000 rwxp 90de7000 00:00 0 
90dff000-90e0e000 rwxp 90dff000 00:00 0 
90e0e000-90ee1000 rwxp 90e0e000 00:00 0 
90ee1000-90ee9000 rwxp 90ee1000 00:00 0 
90ee9000-90f01000 rwxp 90ee9000 00:00 0 
90f01000-90f10000 rwxp 90f01000 00:00 0 
90f10000-90fe2000 rwxp 90f10000 00:00 0 
90fe2000-90ffa000 rwxp 90fe2000 00:00 0 
90ffa000-90fff000 rwxp 90ffa000 00:00 0 
90fff000-92000000 rwxp 90fff000 00:00 0 
92000000-95000000 rwxp 92000000 00:00 0 
95000000-96c30000 rwxp 95000000 00:00 0 
96c30000-b1390000 rwxp 96c30000 00:00 0 
b1390000-b41d0000 rwxp b1390000 00:00 0 
b41d0000-b4c00000 rwxp b41d0000 00:00 0 
b4c06000-b4c0d000 r-xs 00000000 08:01 2162927    /usr/lib/gconv/gconv-modules.cache
b4c0d000-b4c16000 rwxp b4c0d000 00:00 0 
b4c16000-b4ccd000 rwxp b4c16000 00:00 0 
b4ccd000-b4f0d000 rwxp b4ccd000 00:00 0 
b4f0d000-b7ccd000 rwxp b4f0d000 00:00 0 
b7ccd000-b7cdc000 r-xp 00000000 08:01 6063674    /home/afairley/local/jdk1.6.0_07/jre/lib/i386/libzip.so
b7cdc000-b7cde000 rwxp 0000e000 08:01 6063674    /home/afairley/local/jdk1.6.0_07/jre/lib/i386/libzip.so
b7cde000-b7d01000 r-xp 00000000 08:01 6063672    /home/afairley/local/jdk1.6.0_07/jre/lib/i386/libjava.so
b7d01000-b7d03000 rwxp 00023000 08:01 6063672    /home/afairley/local/jdk1.6.0_07/jre/lib/i386/libjava.so
b7d03000-b7d0e000 r-xp 00000000 08:01 6063671    /home/afairley/local/jdk1.6.0_07/jre/lib/i386/libverify.so
b7d0e000-b7d0f000 rwxp 0000b000 08:01 6063671    /home/afairley/local/jdk1.6.0_07/jre/lib/i386/libverify.so
b7d0f000-b7d18000 r-xp 00000000 08:01 24397166   /lib/tls/i686/cmov/libnss_files-2.7.so
b7d18000-b7d1a000 rwxp 00008000 08:01 24397166   /lib/tls/i686/cmov/libnss_files-2.7.so
b7d1a000-b7d22000 r-xp 00000000 08:01 24397170   /lib/tls/i686/cmov/libnss_nis-2.7.so
b7d22000-b7d24000 rwxp 00007000 08:01 24397170   /lib/tls/i686/cmov/libnss_nis-2.7.so
b7d24000-b7d2b000 r-xp 00000000 08:01 24397162   /lib/tls/i686/cmov/libnss_compat-2.7.so
b7d2b000-b7d2d000 rwxp 00006000 08:01 24397162   /lib/tls/i686/cmov/libnss_compat-2.7.so
b7d2d000-b7d41000 r-xp 00000000 08:01 24397160   /lib/tls/i686/cmov/libnsl-2.7.so
b7d41000-b7d43000 rwxp 00013000 08:01 24397160   /lib/tls/i686/cmov/libnsl-2.7.so
b7d43000-b7d45000 rwxp b7d43000 00:00 0 
b7d4a000-b7d52000 rwxs 00000000 08:01 3899853    /tmp/hsperfdata_afairley/27416
b7d52000-b7d59000 r-xp 00000000 08:01 24397179   /lib/tls/i686/cmov/librt-2.7.so
b7d59000-b7d5b000 rwxp 00006000 08:01 24397179   /lib/tls/i686/cmov/librt-2.7.so
b7d5b000-b7d5e000 ---p b7d5b000 00:00 0 
b7d5e000-b7dac000 rwxp b7d5e000 00:00 0 
b7dac000-b7dcf000 r-xp 00000000 08:01 24397157   /lib/tls/i686/cmov/libm-2.7.so
b7dcf000-b7dd1000 rwxp 00023000 08:01 24397157   /lib/tls/i686/cmov/libm-2.7.so
b7dd1000-b7dd2000 rwxp b7dd1000 00:00 0 
b7dd2000-b7f1b000 r-xp 00000000 08:01 24397149   /lib/tls/i686/cmov/libc-2.7.so
b7f1b000-b7f1c000 r-xp 00149000 08:01 24397149   /lib/tls/i686/cmov/libc-2.7.so
b7f1c000-b7f1e000 rwxp 0014a000 08:01 24397149   /lib/tls/i686/cmov/libc-2.7.so
b7f1e000-b7f21000 rwxp b7f1e000 00:00 0 
b7f21000-b7f23000 r-xp 00000000 08:01 24397155   /lib/tls/i686/cmov/libdl-2.7.so
b7f23000-b7f25000 rwxp 00001000 08:01 24397155   /lib/tls/i686/cmov/libdl-2.7.so
b7f25000-b7f2c000 r-xp 00000000 08:01 6072238    /home/afairley/local/jdk1.6.0_07/jre/lib/i386/jli/libjli.so
b7f2c000-b7f2e000 rwxp 00006000 08:01 6072238    /home/afairley/local/jdk1.6.0_07/jre/lib/i386/jli/libjli.so
b7f2e000-b7f2f000 rwxp b7f2e000 00:00 0 
b7f2f000-b7f43000 r-xp 00000000 08:01 24397175   /lib/tls/i686/cmov/libpthread-2.7.so
b7f43000-b7f45000 rwxp 00013000 08:01 24397175   /lib/tls/i686/cmov/libpthread-2.7.so
b7f45000-b7f47000 rwxp b7f45000 00:00 0 
b7f48000-b7f49000 rwxp b7f48000 00:00 0 
b7f49000-b7f4b000 r-xs 00003000 08:01 6046650    /home/afairley/Documents/Projects/JunctionBox_noGraphviz/src/java/junctionbox.jar
b7f4b000-b7f51000 r-xp 00000000 08:01 6063658    /home/afairley/local/jdk1.6.0_07/jre/lib/i386/native_threads/libhpi.so
b7f51000-b7f52000 rwxp 00006000 08:01 6063658    /home/afairley/local/jdk1.6.0_07/jre/lib/i386/native_threads/libhpi.so
b7f52000-b7f53000 rwxp b7f52000 00:00 0 
b7f53000-b7f54000 r-xp b7f53000 00:00 0 
b7f54000-b7f56000 rwxp b7f54000 00:00 0 
b7f56000-b7f57000 r-xp b7f56000 00:00 0          [vdso]
b7f57000-b7f71000 r-xp 00000000 08:01 24379411   /lib/ld-2.7.so
b7f71000-b7f73000 rwxp 00019000 08:01 24379411   /lib/ld-2.7.so
b7f73000-beec7000 rwxp b7f73000 00:00 0 
bef00000-beffa000 rwxp bef00000 00:00 0 
beffa000-bf000000 ---p beffa000 00:00 0 
bf000000-bf0fe000 rwxp bf000000 00:00 0 
bf0fe000-bf100000 ---p bf0fe000 00:00 0 
bf100000-bf1f4000 rwxp bf100000 00:00 0 
bf200000-bf2fe000 rwxp bf200000 00:00 0 
bf2fe000-bf300000 ---p bf2fe000 00:00 0 
bf300000-bf7c4000 rwxp bf300000 00:00 0 
bf800000-bf8ed000 rwxp bf800000 00:00 0 
bf8ed000-bf900000 ---p bf8ed000 00:00 0 
bf900000-bfb62000 rwxp bf900000 00:00 0 
bfbbb000-bfbd0000 rwxp bffeb000 00:00 0          [stack]
bfc00000-bfcf1000 rwxp bfc00000 00:00 0 
bfcf1000-bfd00000 ---p bfcf1000 00:00 0 
bfd00000-bffdc000 rwxp bfd00000 00:00 0 

VM Arguments:
jvm_args: -Djava.library.path=. 
java_command: edu.umb.junctionbox.XBIFParser /home/afairley/local/UAI2006Benchmarks/BN_22.xbif
Launcher Type: SUN_STANDARD

Environment Variables:
PATH=/usr/local/sbin:/usr/local/bin:/usr/sbin:/usr/bin:/sbin:/bin:/usr/games:/home/afairley/local/jdk1.6.0_07//bin:/home/afairley/local/apache-ant-1.7.1/bin
USERNAME=afairley
LD_LIBRARY_PATH=/home/afairley/local/jdk1.6.0_07/jre/lib/i386/server:/home/afairley/local/jdk1.6.0_07/jre/lib/i386:/home/afairley/local/jdk1.6.0_07/jre/../lib/i386
SHELL=/bin/bash
DISPLAY=:0.0

Signal Handlers:
SIGSEGV: [libjvm.so+0x5edc30], sa_mask[0]=0x7ffbfeff, sa_flags=0x10000004
SIGBUS: [libjvm.so+0x5edc30], sa_mask[0]=0x7ffbfeff, sa_flags=0x10000004
SIGFPE: [libjvm.so+0x4fc6a0], sa_mask[0]=0x7ffbfeff, sa_flags=0x10000004
SIGPIPE: [libjvm.so+0x4fc6a0], sa_mask[0]=0x7ffbfeff, sa_flags=0x10000004
SIGXFSZ: [libjvm.so+0x4fc6a0], sa_mask[0]=0x7ffbfeff, sa_flags=0x10000004
SIGILL: [libjvm.so+0x4fc6a0], sa_mask[0]=0x7ffbfeff, sa_flags=0x10000004
SIGUSR1: SIG_DFL, sa_mask[0]=0x00000000, sa_flags=0x00000000
SIGUSR2: [libjvm.so+0x4fe6e0], sa_mask[0]=0x00000000, sa_flags=0x10000004
SIGHUP: [libjvm.so+0x4fe480], sa_mask[0]=0x7ffbfeff, sa_flags=0x10000004
SIGINT: [libjvm.so+0x4fe480], sa_mask[0]=0x7ffbfeff, sa_flags=0x10000004
SIGTERM: [libjvm.so+0x4fe480], sa_mask[0]=0x7ffbfeff, sa_flags=0x10000004
SIGQUIT: [libjvm.so+0x4fe480], sa_mask[0]=0x7ffbfeff, sa_flags=0x10000004


---------------  S Y S T E M  ---------------

OS:lenny/sid

uname:Linux 2.6.24-19-generic #1 SMP Fri Jul 11 23:41:49 UTC 2008 i686
libc:glibc 2.7 NPTL 2.7 
rlimit: STACK 8192k, CORE 0k, NPROC 16372, NOFILE 1024, AS infinity
load average:3.97 1.97 1.00

CPU:total 2 (2 cores per cpu, 1 threads per core) family 6 model 15 stepping 13, cmov, cx8, fxsr, mmx, sse, sse2, sse3, ssse3

Memory: 4k page, physical 2074276k(51800k free), swap 6072528k(4756320k free)

vm_info: Java HotSpot(TM) Server VM (10.0-b23) for linux-x86 JRE (1.6.0_07-b06), built on Jun 10 2008 01:20:15 by "java_re" with gcc 3.2.1-7a (J2SE release)

time: Thu Oct  9 01:17:32 2008
elapsed time: 537 seconds

